{"C:\\Users\\ACER\\Desktop\\UNIVERSIDAD-ESPE\\5to semestre\\pruebas\\pruebas_software\\Laboratorio_2\\src\\app.js": {"path":"C:\\Users\\ACER\\Desktop\\UNIVERSIDAD-ESPE\\5to semestre\\pruebas\\pruebas_software\\Laboratorio_2\\src\\app.js","statementMap":{"0":{"start":{"line":1,"column":16},"end":{"line":1,"column":34}},"1":{"start":{"line":2,"column":19},"end":{"line":2,"column":50}},"2":{"start":{"line":5,"column":12},"end":{"line":5,"column":21}},"3":{"start":{"line":8,"column":0},"end":{"line":8,"column":24}},"4":{"start":{"line":11,"column":0},"end":{"line":11,"column":30}},"5":{"start":{"line":14,"column":0},"end":{"line":16,"column":3}},"6":{"start":{"line":15,"column":2},"end":{"line":15,"column":56}},"7":{"start":{"line":19,"column":0},"end":{"line":19,"column":21}}},"fnMap":{"0":{"name":"(anonymous_0)","decl":{"start":{"line":14,"column":8},"end":{"line":14,"column":9}},"loc":{"start":{"line":14,"column":22},"end":{"line":16,"column":1}},"line":14}},"branchMap":{},"s":{"0":1,"1":1,"2":1,"3":1,"4":1,"5":1,"6":1,"7":1},"f":{"0":1},"b":{},"_coverageSchema":"1a1c01bbd47fc00a2c39e90264f33305004495a9","hash":"aad6f76ba0d6b64417e2e3fdd67939dc94cb2dd4"}
,"C:\\Users\\ACER\\Desktop\\UNIVERSIDAD-ESPE\\5to semestre\\pruebas\\pruebas_software\\Laboratorio_2\\src\\controllers\\user.controller.js": {"path":"C:\\Users\\ACER\\Desktop\\UNIVERSIDAD-ESPE\\5to semestre\\pruebas\\pruebas_software\\Laboratorio_2\\src\\controllers\\user.controller.js","statementMap":{"0":{"start":{"line":2,"column":12},"end":{"line":2,"column":14}},"1":{"start":{"line":5,"column":20},"end":{"line":7,"column":1}},"2":{"start":{"line":6,"column":2},"end":{"line":6,"column":18}},"3":{"start":{"line":10,"column":19},"end":{"line":28,"column":1}},"4":{"start":{"line":11,"column":26},"end":{"line":11,"column":34}},"5":{"start":{"line":14,"column":2},"end":{"line":18,"column":3}},"6":{"start":{"line":15,"column":4},"end":{"line":17,"column":72}},"7":{"start":{"line":20,"column":18},"end":{"line":24,"column":3}},"8":{"start":{"line":26,"column":2},"end":{"line":26,"column":22}},"9":{"start":{"line":27,"column":2},"end":{"line":27,"column":32}},"10":{"start":{"line":31,"column":0},"end":{"line":34,"column":2}}},"fnMap":{"0":{"name":"(anonymous_0)","decl":{"start":{"line":5,"column":20},"end":{"line":5,"column":21}},"loc":{"start":{"line":5,"column":34},"end":{"line":7,"column":1}},"line":5},"1":{"name":"(anonymous_1)","decl":{"start":{"line":10,"column":19},"end":{"line":10,"column":20}},"loc":{"start":{"line":10,"column":33},"end":{"line":28,"column":1}},"line":10}},"branchMap":{"0":{"loc":{"start":{"line":14,"column":2},"end":{"line":18,"column":3}},"type":"if","locations":[{"start":{"line":14,"column":2},"end":{"line":18,"column":3}},{"start":{},"end":{}}],"line":14},"1":{"loc":{"start":{"line":14,"column":6},"end":{"line":14,"column":21}},"type":"binary-expr","locations":[{"start":{"line":14,"column":6},"end":{"line":14,"column":11}},{"start":{"line":14,"column":15},"end":{"line":14,"column":21}}],"line":14}},"s":{"0":1,"1":1,"2":2,"3":1,"4":3,"5":3,"6":2,"7":1,"8":1,"9":1,"10":1},"f":{"0":2,"1":3},"b":{"0":[2,1],"1":[3,2]},"_coverageSchema":"1a1c01bbd47fc00a2c39e90264f33305004495a9","hash":"0f5c46999e167a3995440bf4bd8cb0327a0dbabe"}
,"C:\\Users\\ACER\\Desktop\\UNIVERSIDAD-ESPE\\5to semestre\\pruebas\\pruebas_software\\Laboratorio_2\\src\\routes\\user.routes.js": {"path":"C:\\Users\\ACER\\Desktop\\UNIVERSIDAD-ESPE\\5to semestre\\pruebas\\pruebas_software\\Laboratorio_2\\src\\routes\\user.routes.js","statementMap":{"0":{"start":{"line":1,"column":16},"end":{"line":1,"column":34}},"1":{"start":{"line":4,"column":15},"end":{"line":4,"column":31}},"2":{"start":{"line":8,"column":36},"end":{"line":8,"column":77}},"3":{"start":{"line":11,"column":0},"end":{"line":11,"column":29}},"4":{"start":{"line":14,"column":0},"end":{"line":14,"column":29}},"5":{"start":{"line":17,"column":0},"end":{"line":17,"column":24}}},"fnMap":{},"branchMap":{},"s":{"0":1,"1":1,"2":1,"3":1,"4":1,"5":1},"f":{},"b":{},"_coverageSchema":"1a1c01bbd47fc00a2c39e90264f33305004495a9","hash":"7f95859cbe6a0d9e760aab7e9d09f354ff453f4f"}
}
